0 info it worked if it ends with ok
1 verbose cli [ '/usr/bin/nodejs', '/usr/bin/npm', 'install', 'ursa' ]
2 info using npm@3.6.0
3 info using node@v5.7.0
4 silly loadCurrentTree Starting
5 silly install loadCurrentTree
6 silly install readLocalPackageData
7 silly fetchPackageMetaData ursa@*
8 silly fetchNamedPackageData ursa
9 silly mapToRegistry name ursa
10 silly mapToRegistry using default registry
11 silly mapToRegistry registry https://registry.npmjs.org/
12 silly mapToRegistry uri https://registry.npmjs.org/ursa
13 verbose request uri https://registry.npmjs.org/ursa
14 verbose request no auth needed
15 info attempt registry request try #1 at 21:38:15
16 verbose request id 326896e2a8901c67
17 http request GET https://registry.npmjs.org/ursa
18 http 200 https://registry.npmjs.org/ursa
19 verbose headers { server: 'CouchDB/1.5.0 (Erlang OTP/R16B03)',
19 verbose headers   etag: '"8EPCYPM6JTDNGQ2HFTGQPR0WZ"',
19 verbose headers   'content-type': 'application/json',
19 verbose headers   'cache-control': 'max-age=300',
19 verbose headers   'content-length': '52650',
19 verbose headers   'accept-ranges': 'bytes',
19 verbose headers   date: 'Sun, 28 Feb 2016 20:38:17 GMT',
19 verbose headers   via: '1.1 varnish',
19 verbose headers   age: '0',
19 verbose headers   connection: 'keep-alive',
19 verbose headers   'x-served-by': 'cache-lhr6321-LHR',
19 verbose headers   'x-cache': 'HIT',
19 verbose headers   'x-cache-hits': '1',
19 verbose headers   'x-timer': 'S1456691897.450902,VS0,VE85',
19 verbose headers   vary: 'Accept' }
20 silly get cb [ 200,
20 silly get   { server: 'CouchDB/1.5.0 (Erlang OTP/R16B03)',
20 silly get     etag: '"8EPCYPM6JTDNGQ2HFTGQPR0WZ"',
20 silly get     'content-type': 'application/json',
20 silly get     'cache-control': 'max-age=300',
20 silly get     'content-length': '52650',
20 silly get     'accept-ranges': 'bytes',
20 silly get     date: 'Sun, 28 Feb 2016 20:38:17 GMT',
20 silly get     via: '1.1 varnish',
20 silly get     age: '0',
20 silly get     connection: 'keep-alive',
20 silly get     'x-served-by': 'cache-lhr6321-LHR',
20 silly get     'x-cache': 'HIT',
20 silly get     'x-cache-hits': '1',
20 silly get     'x-timer': 'S1456691897.450902,VS0,VE85',
20 silly get     vary: 'Accept' } ]
21 verbose get saving ursa to /home/ivannodejs/.npm/registry.npmjs.org/ursa/.cache.json
22 verbose correctMkdir /home/ivannodejs/.npm correctMkdir not in flight; initializing
23 silly install normalizeTree
24 silly loadCurrentTree Finishing
25 silly loadIdealTree Starting
26 silly install loadIdealTree
27 silly cloneCurrentTree Starting
28 silly install cloneCurrentTreeToIdealTree
29 silly cloneCurrentTree Finishing
30 silly loadShrinkwrap Starting
31 silly install loadShrinkwrap
32 silly loadShrinkwrap Finishing
33 silly loadAllDepsIntoIdealTree Starting
34 silly install loadAllDepsIntoIdealTree
35 silly resolveWithNewModule ursa@0.9.3 checking installable status
36 silly cache add args [ 'ursa@*', null ]
37 verbose cache add spec ursa@*
38 silly cache add parsed spec Result {
38 silly cache add   raw: 'ursa@*',
38 silly cache add   scope: null,
38 silly cache add   name: 'ursa',
38 silly cache add   rawSpec: '*',
38 silly cache add   spec: '*',
38 silly cache add   type: 'range' }
39 silly addNamed ursa@*
40 verbose addNamed "*" is a valid semver range for ursa
41 silly addNameRange { name: 'ursa', range: '*', hasData: false }
42 silly mapToRegistry name ursa
43 silly mapToRegistry using default registry
44 silly mapToRegistry registry https://registry.npmjs.org/
45 silly mapToRegistry uri https://registry.npmjs.org/ursa
46 verbose addNameRange registry:https://registry.npmjs.org/ursa not in flight; fetching
47 verbose get https://registry.npmjs.org/ursa not expired, no request
48 silly addNameRange number 2 { name: 'ursa', range: '*', hasData: true }
49 silly addNameRange versions [ 'ursa',
49 silly addNameRange   [ '0.4.10',
49 silly addNameRange     '0.4.11',
49 silly addNameRange     '0.4.12',
49 silly addNameRange     '0.4.13',
49 silly addNameRange     '0.6.0',
49 silly addNameRange     '0.6.1',
49 silly addNameRange     '0.6.2',
49 silly addNameRange     '0.6.3',
49 silly addNameRange     '0.6.4',
49 silly addNameRange     '0.6.5',
49 silly addNameRange     '0.6.6',
49 silly addNameRange     '0.6.7',
49 silly addNameRange     '0.6.8',
49 silly addNameRange     '0.6.9',
49 silly addNameRange     '0.7.0',
49 silly addNameRange     '0.8.0',
49 silly addNameRange     '0.8.1',
49 silly addNameRange     '0.8.2',
49 silly addNameRange     '0.8.3',
49 silly addNameRange     '0.8.4',
49 silly addNameRange     '0.8.5',
49 silly addNameRange     '0.9.0',
49 silly addNameRange     '0.9.1',
49 silly addNameRange     '0.9.2',
49 silly addNameRange     '0.9.3' ] ]
50 silly addNamed ursa@0.9.3
51 verbose addNamed "0.9.3" is a plain semver version for ursa
52 silly mapToRegistry name ursa
53 silly mapToRegistry using default registry
54 silly mapToRegistry registry https://registry.npmjs.org/
55 silly mapToRegistry uri https://registry.npmjs.org/ursa
56 verbose addRemoteTarball https://registry.npmjs.org/ursa/-/ursa-0.9.3.tgz not in flight; adding
57 verbose addRemoteTarball [ 'https://registry.npmjs.org/ursa/-/ursa-0.9.3.tgz',
57 verbose addRemoteTarball   '25661acef51657131782ec3a009bd55562ebe74a' ]
58 info retry fetch attempt 1 at 21:38:15
59 info attempt registry request try #1 at 21:38:15
60 http fetch GET https://registry.npmjs.org/ursa/-/ursa-0.9.3.tgz
61 http fetch 200 https://registry.npmjs.org/ursa/-/ursa-0.9.3.tgz
62 silly fetchAndShaCheck shasum 25661acef51657131782ec3a009bd55562ebe74a
63 verbose addTmpTarball /tmp/npm-4578-9cfcff75/registry.npmjs.org/ursa/-/ursa-0.9.3.tgz not in flight; adding
64 verbose addTmpTarball already have metadata; skipping unpack for ursa@0.9.3
65 verbose correctMkdir /home/ivannodejs/.npm correctMkdir not in flight; initializing
66 silly cache afterAdd ursa@0.9.3
67 verbose afterAdd /home/ivannodejs/.npm/ursa/0.9.3/package/package.json not in flight; writing
68 verbose correctMkdir /home/ivannodejs/.npm correctMkdir not in flight; initializing
69 verbose afterAdd /home/ivannodejs/.npm/ursa/0.9.3/package/package.json written
70 silly fetchNamedPackageData bindings
71 silly mapToRegistry name bindings
72 silly mapToRegistry using default registry
73 silly mapToRegistry registry https://registry.npmjs.org/
74 silly mapToRegistry uri https://registry.npmjs.org/bindings
75 silly fetchNamedPackageData nan
76 silly mapToRegistry name nan
77 silly mapToRegistry using default registry
78 silly mapToRegistry registry https://registry.npmjs.org/
79 silly mapToRegistry uri https://registry.npmjs.org/nan
80 verbose request uri https://registry.npmjs.org/bindings
81 verbose request no auth needed
82 info attempt registry request try #1 at 21:38:16
83 http request GET https://registry.npmjs.org/bindings
84 verbose request uri https://registry.npmjs.org/nan
85 verbose request no auth needed
86 info attempt registry request try #1 at 21:38:16
87 verbose etag "BAVERG4EG5W3XHF012VJBMBOB"
88 http request GET https://registry.npmjs.org/nan
89 http 304 https://registry.npmjs.org/nan
90 verbose headers { date: 'Sun, 28 Feb 2016 20:38:18 GMT',
90 verbose headers   via: '1.1 varnish',
90 verbose headers   'cache-control': 'max-age=300',
90 verbose headers   etag: '"BAVERG4EG5W3XHF012VJBMBOB"',
90 verbose headers   age: '209',
90 verbose headers   connection: 'keep-alive',
90 verbose headers   'x-served-by': 'cache-lhr6325-LHR',
90 verbose headers   'x-cache': 'HIT',
90 verbose headers   'x-cache-hits': '3',
90 verbose headers   'x-timer': 'S1456691898.451029,VS0,VE0',
90 verbose headers   vary: 'Accept' }
91 silly get cb [ 304,
91 silly get   { date: 'Sun, 28 Feb 2016 20:38:18 GMT',
91 silly get     via: '1.1 varnish',
91 silly get     'cache-control': 'max-age=300',
91 silly get     etag: '"BAVERG4EG5W3XHF012VJBMBOB"',
91 silly get     age: '209',
91 silly get     connection: 'keep-alive',
91 silly get     'x-served-by': 'cache-lhr6325-LHR',
91 silly get     'x-cache': 'HIT',
91 silly get     'x-cache-hits': '3',
91 silly get     'x-timer': 'S1456691898.451029,VS0,VE0',
91 silly get     vary: 'Accept' } ]
92 verbose etag https://registry.npmjs.org/nan from cache
93 verbose get saving nan to /home/ivannodejs/.npm/registry.npmjs.org/nan/.cache.json
94 verbose correctMkdir /home/ivannodejs/.npm correctMkdir not in flight; initializing
95 silly resolveWithNewModule nan@2.2.0 checking installable status
96 silly cache add args [ 'nan@^2.0.9', null ]
97 verbose cache add spec nan@^2.0.9
98 silly cache add parsed spec Result {
98 silly cache add   raw: 'nan@^2.0.9',
98 silly cache add   scope: null,
98 silly cache add   name: 'nan',
98 silly cache add   rawSpec: '^2.0.9',
98 silly cache add   spec: '>=2.0.9 <3.0.0',
98 silly cache add   type: 'range' }
99 silly addNamed nan@>=2.0.9 <3.0.0
100 verbose addNamed ">=2.0.9 <3.0.0" is a valid semver range for nan
101 silly addNameRange { name: 'nan', range: '>=2.0.9 <3.0.0', hasData: false }
102 silly mapToRegistry name nan
103 silly mapToRegistry using default registry
104 silly mapToRegistry registry https://registry.npmjs.org/
105 silly mapToRegistry uri https://registry.npmjs.org/nan
106 verbose addNameRange registry:https://registry.npmjs.org/nan not in flight; fetching
107 http 200 https://registry.npmjs.org/bindings
108 verbose headers { server: 'CouchDB/1.5.0 (Erlang OTP/R16B03)',
108 verbose headers   etag: '"1LLBF9OH58DLBEL4629U6032D"',
108 verbose headers   'content-type': 'application/json',
108 verbose headers   'cache-control': 'max-age=300',
108 verbose headers   'content-length': '18066',
108 verbose headers   'accept-ranges': 'bytes',
108 verbose headers   date: 'Sun, 28 Feb 2016 20:38:18 GMT',
108 verbose headers   via: '1.1 varnish',
108 verbose headers   age: '91',
108 verbose headers   connection: 'keep-alive',
108 verbose headers   'x-served-by': 'cache-ams4137-AMS',
108 verbose headers   'x-cache': 'HIT',
108 verbose headers   'x-cache-hits': '1',
108 verbose headers   'x-timer': 'S1456691898.402861,VS0,VE0',
108 verbose headers   vary: 'Accept' }
109 silly get cb [ 200,
109 silly get   { server: 'CouchDB/1.5.0 (Erlang OTP/R16B03)',
109 silly get     etag: '"1LLBF9OH58DLBEL4629U6032D"',
109 silly get     'content-type': 'application/json',
109 silly get     'cache-control': 'max-age=300',
109 silly get     'content-length': '18066',
109 silly get     'accept-ranges': 'bytes',
109 silly get     date: 'Sun, 28 Feb 2016 20:38:18 GMT',
109 silly get     via: '1.1 varnish',
109 silly get     age: '91',
109 silly get     connection: 'keep-alive',
109 silly get     'x-served-by': 'cache-ams4137-AMS',
109 silly get     'x-cache': 'HIT',
109 silly get     'x-cache-hits': '1',
109 silly get     'x-timer': 'S1456691898.402861,VS0,VE0',
109 silly get     vary: 'Accept' } ]
110 verbose get saving bindings to /home/ivannodejs/.npm/registry.npmjs.org/bindings/.cache.json
111 verbose correctMkdir /home/ivannodejs/.npm correctMkdir not in flight; initializing
112 verbose get https://registry.npmjs.org/nan not expired, no request
113 silly addNameRange number 2 { name: 'nan', range: '>=2.0.9 <3.0.0', hasData: true }
114 silly addNameRange versions [ 'nan',
114 silly addNameRange   [ '0.3.0-wip',
114 silly addNameRange     '0.3.0-wip2',
114 silly addNameRange     '0.3.0',
114 silly addNameRange     '0.3.1',
114 silly addNameRange     '0.3.2',
114 silly addNameRange     '0.4.0',
114 silly addNameRange     '0.4.1',
114 silly addNameRange     '0.4.2',
114 silly addNameRange     '0.4.3',
114 silly addNameRange     '0.4.4',
114 silly addNameRange     '0.5.0',
114 silly addNameRange     '0.5.1',
114 silly addNameRange     '0.5.2',
114 silly addNameRange     '0.6.0',
114 silly addNameRange     '0.7.0',
114 silly addNameRange     '0.7.1',
114 silly addNameRange     '0.8.0',
114 silly addNameRange     '1.0.0',
114 silly addNameRange     '1.1.0',
114 silly addNameRange     '1.1.1',
114 silly addNameRange     '1.1.2',
114 silly addNameRange     '1.2.0',
114 silly addNameRange     '1.3.0',
114 silly addNameRange     '1.4.0',
114 silly addNameRange     '1.4.1',
114 silly addNameRange     '1.5.0',
114 silly addNameRange     '1.4.2',
114 silly addNameRange     '1.4.3',
114 silly addNameRange     '1.5.1',
114 silly addNameRange     '1.5.2',
114 silly addNameRange     '1.6.0',
114 silly addNameRange     '1.5.3',
114 silly addNameRange     '1.6.1',
114 silly addNameRange     '1.6.2',
114 silly addNameRange     '1.7.0',
114 silly addNameRange     '1.8.0',
114 silly addNameRange     '1.8.1',
114 silly addNameRange     '1.8.2',
114 silly addNameRange     '1.8.3',
114 silly addNameRange     '1.8.4',
114 silly addNameRange     '1.9.0',
114 silly addNameRange     '2.0.0',
114 silly addNameRange     '2.0.1',
114 silly addNameRange     '2.0.2',
114 silly addNameRange     '2.0.3',
114 silly addNameRange     '2.0.4',
114 silly addNameRange     '2.0.5',
114 silly addNameRange     '2.0.6',
114 silly addNameRange     '2.0.7',
114 silly addNameRange     '2.0.8',
114 silly addNameRange     '2.0.9',
114 silly addNameRange     '2.1.0',
114 silly addNameRange     '2.2.0' ] ]
115 silly addNamed nan@2.2.0
116 verbose addNamed "2.2.0" is a plain semver version for nan
117 silly mapToRegistry name nan
118 silly mapToRegistry using default registry
119 silly mapToRegistry registry https://registry.npmjs.org/
120 silly mapToRegistry uri https://registry.npmjs.org/nan
121 verbose addRemoteTarball https://registry.npmjs.org/nan/-/nan-2.2.0.tgz not in flight; adding
122 verbose addRemoteTarball [ 'https://registry.npmjs.org/nan/-/nan-2.2.0.tgz',
122 verbose addRemoteTarball   '779c07135629503cf6a7b7e6aab33049b3c3853c' ]
123 info retry fetch attempt 1 at 21:38:16
124 info attempt registry request try #1 at 21:38:16
125 http fetch GET https://registry.npmjs.org/nan/-/nan-2.2.0.tgz
126 silly resolveWithNewModule bindings@1.2.1 checking installable status
127 silly cache add args [ 'bindings@^1.2.1', null ]
128 verbose cache add spec bindings@^1.2.1
129 silly cache add parsed spec Result {
129 silly cache add   raw: 'bindings@^1.2.1',
129 silly cache add   scope: null,
129 silly cache add   name: 'bindings',
129 silly cache add   rawSpec: '^1.2.1',
129 silly cache add   spec: '>=1.2.1 <2.0.0',
129 silly cache add   type: 'range' }
130 silly addNamed bindings@>=1.2.1 <2.0.0
131 verbose addNamed ">=1.2.1 <2.0.0" is a valid semver range for bindings
132 silly addNameRange { name: 'bindings', range: '>=1.2.1 <2.0.0', hasData: false }
133 silly mapToRegistry name bindings
134 silly mapToRegistry using default registry
135 silly mapToRegistry registry https://registry.npmjs.org/
136 silly mapToRegistry uri https://registry.npmjs.org/bindings
137 verbose addNameRange registry:https://registry.npmjs.org/bindings not in flight; fetching
138 verbose get https://registry.npmjs.org/bindings not expired, no request
139 silly addNameRange number 2 { name: 'bindings', range: '>=1.2.1 <2.0.0', hasData: true }
140 silly addNameRange versions [ 'bindings',
140 silly addNameRange   [ '0.0.1',
140 silly addNameRange     '0.1.0',
140 silly addNameRange     '0.1.1',
140 silly addNameRange     '0.2.0',
140 silly addNameRange     '0.2.1',
140 silly addNameRange     '0.2.2',
140 silly addNameRange     '0.2.3',
140 silly addNameRange     '0.2.4',
140 silly addNameRange     '0.3.0',
140 silly addNameRange     '0.4.0',
140 silly addNameRange     '1.0.0',
140 silly addNameRange     '1.1.0',
140 silly addNameRange     '1.1.1',
140 silly addNameRange     '1.2.0',
140 silly addNameRange     '1.2.1' ] ]
141 silly addNamed bindings@1.2.1
142 verbose addNamed "1.2.1" is a plain semver version for bindings
143 silly mapToRegistry name bindings
144 silly mapToRegistry using default registry
145 silly mapToRegistry registry https://registry.npmjs.org/
146 silly mapToRegistry uri https://registry.npmjs.org/bindings
147 verbose addRemoteTarball https://registry.npmjs.org/bindings/-/bindings-1.2.1.tgz not in flight; adding
148 verbose addRemoteTarball [ 'https://registry.npmjs.org/bindings/-/bindings-1.2.1.tgz',
148 verbose addRemoteTarball   '14ad6113812d2d37d72e67b4cacb4bb726505f11' ]
149 info retry fetch attempt 1 at 21:38:16
150 info attempt registry request try #1 at 21:38:16
151 http fetch GET https://registry.npmjs.org/bindings/-/bindings-1.2.1.tgz
152 http fetch 200 https://registry.npmjs.org/nan/-/nan-2.2.0.tgz
153 http fetch 200 https://registry.npmjs.org/bindings/-/bindings-1.2.1.tgz
154 silly fetchAndShaCheck shasum 779c07135629503cf6a7b7e6aab33049b3c3853c
155 silly fetchAndShaCheck shasum 14ad6113812d2d37d72e67b4cacb4bb726505f11
156 verbose addTmpTarball /tmp/npm-4578-9cfcff75/registry.npmjs.org/nan/-/nan-2.2.0.tgz not in flight; adding
157 verbose addTmpTarball already have metadata; skipping unpack for nan@2.2.0
158 verbose correctMkdir /home/ivannodejs/.npm correctMkdir not in flight; initializing
159 verbose addTmpTarball /tmp/npm-4578-9cfcff75/registry.npmjs.org/bindings/-/bindings-1.2.1.tgz not in flight; adding
160 verbose addTmpTarball already have metadata; skipping unpack for bindings@1.2.1
161 verbose correctMkdir /home/ivannodejs/.npm correctMkdir not in flight; initializing
162 silly cache afterAdd nan@2.2.0
163 verbose afterAdd /home/ivannodejs/.npm/nan/2.2.0/package/package.json not in flight; writing
164 verbose correctMkdir /home/ivannodejs/.npm correctMkdir not in flight; initializing
165 verbose afterAdd /home/ivannodejs/.npm/nan/2.2.0/package/package.json written
166 silly cache afterAdd bindings@1.2.1
167 verbose afterAdd /home/ivannodejs/.npm/bindings/1.2.1/package/package.json not in flight; writing
168 verbose correctMkdir /home/ivannodejs/.npm correctMkdir not in flight; initializing
169 verbose afterAdd /home/ivannodejs/.npm/bindings/1.2.1/package/package.json written
170 silly loadAllDepsIntoIdealTree Finishing
171 silly idealTree:prePrune untitled@0.0.0
171 silly idealTree:prePrune ├── accepts@1.2.13
171 silly idealTree:prePrune ├── acorn-globals@1.0.9
171 silly idealTree:prePrune ├── acorn@2.7.0
171 silly idealTree:prePrune ├── align-text@0.1.4
171 silly idealTree:prePrune ├── amdefine@1.0.0
171 silly idealTree:prePrune ├── array-flatten@1.1.1
171 silly idealTree:prePrune ├── asap@1.0.0
171 silly idealTree:prePrune ├── async@0.2.10
171 silly idealTree:prePrune ├── basic-auth@1.0.3
171 silly idealTree:prePrune ├── bindings@1.2.1
171 silly idealTree:prePrune ├── bluebird@2.9.26
171 silly idealTree:prePrune ├── body-parser@1.13.3
171 silly idealTree:prePrune ├── bson@0.4.21
171 silly idealTree:prePrune ├── bytes@2.1.0
171 silly idealTree:prePrune ├── camelcase@1.2.1
171 silly idealTree:prePrune ├── center-align@0.1.3
171 silly idealTree:prePrune ├── character-parser@1.2.1
171 silly idealTree:prePrune ├─┬ clean-css@3.4.9
171 silly idealTree:prePrune │ └── commander@2.8.1
171 silly idealTree:prePrune ├─┬ cliui@2.1.0
171 silly idealTree:prePrune │ └── wordwrap@0.0.2
171 silly idealTree:prePrune ├── commander@2.6.0
171 silly idealTree:prePrune ├── constantinople@3.0.2
171 silly idealTree:prePrune ├── content-disposition@0.5.1
171 silly idealTree:prePrune ├── content-type@1.0.1
171 silly idealTree:prePrune ├── cookie-parser@1.3.5
171 silly idealTree:prePrune ├── cookie-signature@1.0.6
171 silly idealTree:prePrune ├── cookie@0.1.3
171 silly idealTree:prePrune ├── core-util-is@1.0.2
171 silly idealTree:prePrune ├── crypto@0.0.3
171 silly idealTree:prePrune ├── css-parse@1.0.4
171 silly idealTree:prePrune ├── css-stringify@1.0.5
171 silly idealTree:prePrune ├── css@1.0.8
171 silly idealTree:prePrune ├── debug@2.2.0
171 silly idealTree:prePrune ├── decamelize@1.1.2
171 silly idealTree:prePrune ├── depd@1.0.1
171 silly idealTree:prePrune ├── destroy@1.0.4
171 silly idealTree:prePrune ├── ee-first@1.1.1
171 silly idealTree:prePrune ├── es6-promise@3.0.2
171 silly idealTree:prePrune ├── escape-html@1.0.3
171 silly idealTree:prePrune ├── escape-string-regexp@1.0.5
171 silly idealTree:prePrune ├── etag@1.7.0
171 silly idealTree:prePrune ├─┬ express@4.13.4
171 silly idealTree:prePrune │ ├── cookie@0.1.5
171 silly idealTree:prePrune │ └── depd@1.1.0
171 silly idealTree:prePrune ├── finalhandler@0.4.1
171 silly idealTree:prePrune ├── forwarded@0.1.0
171 silly idealTree:prePrune ├── fresh@0.3.0
171 silly idealTree:prePrune ├── fs@0.0.2
171 silly idealTree:prePrune ├── graceful-readlink@1.0.1
171 silly idealTree:prePrune ├── hooks-fixed@1.1.0
171 silly idealTree:prePrune ├── http-errors@1.3.1
171 silly idealTree:prePrune ├── iconv-lite@0.4.11
171 silly idealTree:prePrune ├── inherits@2.0.1
171 silly idealTree:prePrune ├── ipaddr.js@1.0.5
171 silly idealTree:prePrune ├── is-buffer@1.1.2
171 silly idealTree:prePrune ├── is-promise@2.1.0
171 silly idealTree:prePrune ├── isarray@0.0.1
171 silly idealTree:prePrune ├── jade@1.11.0
171 silly idealTree:prePrune ├── jstransformer@0.0.2
171 silly idealTree:prePrune ├── jwt-simple@0.4.1
171 silly idealTree:prePrune ├── kareem@1.0.1
171 silly idealTree:prePrune ├── kind-of@3.0.2
171 silly idealTree:prePrune ├── lazy-cache@1.0.3
171 silly idealTree:prePrune ├── longest@1.0.1
171 silly idealTree:prePrune ├── media-typer@0.3.0
171 silly idealTree:prePrune ├── merge-descriptors@1.0.1
171 silly idealTree:prePrune ├── methods@1.1.2
171 silly idealTree:prePrune ├── mime-db@1.22.0
171 silly idealTree:prePrune ├── mime-types@2.1.10
171 silly idealTree:prePrune ├── mime@1.3.4
171 silly idealTree:prePrune ├── minimist@0.0.8
171 silly idealTree:prePrune ├── mkdirp@0.5.1
171 silly idealTree:prePrune ├── mongodb-core@1.3.1
171 silly idealTree:prePrune ├── mongodb@2.1.6
171 silly idealTree:prePrune ├─┬ mongoose@4.4.5
171 silly idealTree:prePrune │ └── async@1.5.2
171 silly idealTree:prePrune ├── morgan@1.6.1
171 silly idealTree:prePrune ├── mpath@0.2.1
171 silly idealTree:prePrune ├── mpromise@0.5.5
171 silly idealTree:prePrune ├─┬ mquery@1.7.0
171 silly idealTree:prePrune │ └── sliced@0.0.5
171 silly idealTree:prePrune ├── ms@0.7.1
171 silly idealTree:prePrune ├── muri@1.1.0
171 silly idealTree:prePrune ├── nan@2.2.0
171 silly idealTree:prePrune ├── negotiator@0.5.3
171 silly idealTree:prePrune ├── on-finished@2.3.0
171 silly idealTree:prePrune ├── on-headers@1.0.1
171 silly idealTree:prePrune ├── optimist@0.3.7
171 silly idealTree:prePrune ├── parseurl@1.3.1
171 silly idealTree:prePrune ├── path-to-regexp@0.1.7
171 silly idealTree:prePrune ├── promise@6.1.0
171 silly idealTree:prePrune ├── proxy-addr@1.0.10
171 silly idealTree:prePrune ├── qs@4.0.0
171 silly idealTree:prePrune ├── range-parser@1.0.3
171 silly idealTree:prePrune ├─┬ raw-body@2.1.5
171 silly idealTree:prePrune │ ├── bytes@2.2.0
171 silly idealTree:prePrune │ └── iconv-lite@0.4.13
171 silly idealTree:prePrune ├── readable-stream@1.0.31
171 silly idealTree:prePrune ├── regexp-clone@0.0.1
171 silly idealTree:prePrune ├── repeat-string@1.5.2
171 silly idealTree:prePrune ├── require_optional@1.0.0
171 silly idealTree:prePrune ├── resolve-from@2.0.0
171 silly idealTree:prePrune ├── right-align@0.1.3
171 silly idealTree:prePrune ├── semver@5.1.0
171 silly idealTree:prePrune ├─┬ send@0.13.1
171 silly idealTree:prePrune │ └── depd@1.1.0
171 silly idealTree:prePrune ├── serve-favicon@2.3.0
171 silly idealTree:prePrune ├── serve-static@1.10.2
171 silly idealTree:prePrune ├── sliced@1.0.1
171 silly idealTree:prePrune ├── source-map@0.4.4
171 silly idealTree:prePrune ├── statuses@1.2.1
171 silly idealTree:prePrune ├── string_decoder@0.10.31
171 silly idealTree:prePrune ├─┬ transformers@2.1.0
171 silly idealTree:prePrune │ ├── is-promise@1.0.1
171 silly idealTree:prePrune │ ├── promise@2.0.0
171 silly idealTree:prePrune │ ├── source-map@0.1.43
171 silly idealTree:prePrune │ └── uglify-js@2.2.5
171 silly idealTree:prePrune ├── type-is@1.6.11
171 silly idealTree:prePrune ├─┬ uglify-js@2.6.2
171 silly idealTree:prePrune │ └── source-map@0.5.3
171 silly idealTree:prePrune ├── uglify-to-browserify@1.0.2
171 silly idealTree:prePrune ├── unpipe@1.0.0
171 silly idealTree:prePrune ├── ursa@0.9.3
171 silly idealTree:prePrune ├── utils-merge@1.0.0
171 silly idealTree:prePrune ├── vary@1.0.1
171 silly idealTree:prePrune ├── void-elements@2.0.1
171 silly idealTree:prePrune ├── window-size@0.1.0
171 silly idealTree:prePrune ├─┬ with@4.0.3
171 silly idealTree:prePrune │ └── acorn@1.2.2
171 silly idealTree:prePrune ├── wordwrap@0.0.3
171 silly idealTree:prePrune └── yargs@3.10.0
172 silly loadIdealTree Finishing
173 silly currentTree untitled@0.0.0
173 silly currentTree ├── accepts@1.2.13
173 silly currentTree ├── acorn-globals@1.0.9
173 silly currentTree ├── acorn@2.7.0
173 silly currentTree ├── align-text@0.1.4
173 silly currentTree ├── amdefine@1.0.0
173 silly currentTree ├── array-flatten@1.1.1
173 silly currentTree ├── asap@1.0.0
173 silly currentTree ├── async@0.2.10
173 silly currentTree ├── basic-auth@1.0.3
173 silly currentTree ├── bluebird@2.9.26
173 silly currentTree ├── body-parser@1.13.3
173 silly currentTree ├── bson@0.4.21
173 silly currentTree ├── bytes@2.1.0
173 silly currentTree ├── camelcase@1.2.1
173 silly currentTree ├── center-align@0.1.3
173 silly currentTree ├── character-parser@1.2.1
173 silly currentTree ├─┬ clean-css@3.4.9
173 silly currentTree │ └── commander@2.8.1
173 silly currentTree ├─┬ cliui@2.1.0
173 silly currentTree │ └── wordwrap@0.0.2
173 silly currentTree ├── commander@2.6.0
173 silly currentTree ├── constantinople@3.0.2
173 silly currentTree ├── content-disposition@0.5.1
173 silly currentTree ├── content-type@1.0.1
173 silly currentTree ├── cookie-parser@1.3.5
173 silly currentTree ├── cookie-signature@1.0.6
173 silly currentTree ├── cookie@0.1.3
173 silly currentTree ├── core-util-is@1.0.2
173 silly currentTree ├── crypto@0.0.3
173 silly currentTree ├── css-parse@1.0.4
173 silly currentTree ├── css-stringify@1.0.5
173 silly currentTree ├── css@1.0.8
173 silly currentTree ├── debug@2.2.0
173 silly currentTree ├── decamelize@1.1.2
173 silly currentTree ├── depd@1.0.1
173 silly currentTree ├── destroy@1.0.4
173 silly currentTree ├── ee-first@1.1.1
173 silly currentTree ├── es6-promise@3.0.2
173 silly currentTree ├── escape-html@1.0.3
173 silly currentTree ├── escape-string-regexp@1.0.5
173 silly currentTree ├── etag@1.7.0
173 silly currentTree ├─┬ express@4.13.4
173 silly currentTree │ ├── cookie@0.1.5
173 silly currentTree │ └── depd@1.1.0
173 silly currentTree ├── finalhandler@0.4.1
173 silly currentTree ├── forwarded@0.1.0
173 silly currentTree ├── fresh@0.3.0
173 silly currentTree ├── fs@0.0.2
173 silly currentTree ├── graceful-readlink@1.0.1
173 silly currentTree ├── hooks-fixed@1.1.0
173 silly currentTree ├── http-errors@1.3.1
173 silly currentTree ├── iconv-lite@0.4.11
173 silly currentTree ├── inherits@2.0.1
173 silly currentTree ├── ipaddr.js@1.0.5
173 silly currentTree ├── is-buffer@1.1.2
173 silly currentTree ├── is-promise@2.1.0
173 silly currentTree ├── isarray@0.0.1
173 silly currentTree ├── jade@1.11.0
173 silly currentTree ├── jstransformer@0.0.2
173 silly currentTree ├── jwt-simple@0.4.1
173 silly currentTree ├── kareem@1.0.1
173 silly currentTree ├── kind-of@3.0.2
173 silly currentTree ├── lazy-cache@1.0.3
173 silly currentTree ├── longest@1.0.1
173 silly currentTree ├── media-typer@0.3.0
173 silly currentTree ├── merge-descriptors@1.0.1
173 silly currentTree ├── methods@1.1.2
173 silly currentTree ├── mime-db@1.22.0
173 silly currentTree ├── mime-types@2.1.10
173 silly currentTree ├── mime@1.3.4
173 silly currentTree ├── minimist@0.0.8
173 silly currentTree ├── mkdirp@0.5.1
173 silly currentTree ├── mongodb-core@1.3.1
173 silly currentTree ├── mongodb@2.1.6
173 silly currentTree ├─┬ mongoose@4.4.5
173 silly currentTree │ └── async@1.5.2
173 silly currentTree ├── morgan@1.6.1
173 silly currentTree ├── mpath@0.2.1
173 silly currentTree ├── mpromise@0.5.5
173 silly currentTree ├─┬ mquery@1.7.0
173 silly currentTree │ └── sliced@0.0.5
173 silly currentTree ├── ms@0.7.1
173 silly currentTree ├── muri@1.1.0
173 silly currentTree ├── negotiator@0.5.3
173 silly currentTree ├── on-finished@2.3.0
173 silly currentTree ├── on-headers@1.0.1
173 silly currentTree ├── optimist@0.3.7
173 silly currentTree ├── parseurl@1.3.1
173 silly currentTree ├── path-to-regexp@0.1.7
173 silly currentTree ├── promise@6.1.0
173 silly currentTree ├── proxy-addr@1.0.10
173 silly currentTree ├── qs@4.0.0
173 silly currentTree ├── range-parser@1.0.3
173 silly currentTree ├─┬ raw-body@2.1.5
173 silly currentTree │ ├── bytes@2.2.0
173 silly currentTree │ └── iconv-lite@0.4.13
173 silly currentTree ├── readable-stream@1.0.31
173 silly currentTree ├── regexp-clone@0.0.1
173 silly currentTree ├── repeat-string@1.5.2
173 silly currentTree ├── require_optional@1.0.0
173 silly currentTree ├── resolve-from@2.0.0
173 silly currentTree ├── right-align@0.1.3
173 silly currentTree ├── semver@5.1.0
173 silly currentTree ├─┬ send@0.13.1
173 silly currentTree │ └── depd@1.1.0
173 silly currentTree ├── serve-favicon@2.3.0
173 silly currentTree ├── serve-static@1.10.2
173 silly currentTree ├── sliced@1.0.1
173 silly currentTree ├── source-map@0.4.4
173 silly currentTree ├── statuses@1.2.1
173 silly currentTree ├── string_decoder@0.10.31
173 silly currentTree ├─┬ transformers@2.1.0
173 silly currentTree │ ├── is-promise@1.0.1
173 silly currentTree │ ├── promise@2.0.0
173 silly currentTree │ ├── source-map@0.1.43
173 silly currentTree │ └── uglify-js@2.2.5
173 silly currentTree ├── type-is@1.6.11
173 silly currentTree ├─┬ uglify-js@2.6.2
173 silly currentTree │ └── source-map@0.5.3
173 silly currentTree ├── uglify-to-browserify@1.0.2
173 silly currentTree ├── unpipe@1.0.0
173 silly currentTree ├── utils-merge@1.0.0
173 silly currentTree ├── vary@1.0.1
173 silly currentTree ├── void-elements@2.0.1
173 silly currentTree ├── window-size@0.1.0
173 silly currentTree ├─┬ with@4.0.3
173 silly currentTree │ └── acorn@1.2.2
173 silly currentTree ├── wordwrap@0.0.3
173 silly currentTree └── yargs@3.10.0
174 silly idealTree untitled@0.0.0
174 silly idealTree ├── accepts@1.2.13
174 silly idealTree ├── acorn-globals@1.0.9
174 silly idealTree ├── acorn@2.7.0
174 silly idealTree ├── align-text@0.1.4
174 silly idealTree ├── amdefine@1.0.0
174 silly idealTree ├── array-flatten@1.1.1
174 silly idealTree ├── asap@1.0.0
174 silly idealTree ├── async@0.2.10
174 silly idealTree ├── basic-auth@1.0.3
174 silly idealTree ├── bindings@1.2.1
174 silly idealTree ├── bluebird@2.9.26
174 silly idealTree ├── body-parser@1.13.3
174 silly idealTree ├── bson@0.4.21
174 silly idealTree ├── bytes@2.1.0
174 silly idealTree ├── camelcase@1.2.1
174 silly idealTree ├── center-align@0.1.3
174 silly idealTree ├── character-parser@1.2.1
174 silly idealTree ├─┬ clean-css@3.4.9
174 silly idealTree │ └── commander@2.8.1
174 silly idealTree ├─┬ cliui@2.1.0
174 silly idealTree │ └── wordwrap@0.0.2
174 silly idealTree ├── commander@2.6.0
174 silly idealTree ├── constantinople@3.0.2
174 silly idealTree ├── content-disposition@0.5.1
174 silly idealTree ├── content-type@1.0.1
174 silly idealTree ├── cookie-parser@1.3.5
174 silly idealTree ├── cookie-signature@1.0.6
174 silly idealTree ├── cookie@0.1.3
174 silly idealTree ├── core-util-is@1.0.2
174 silly idealTree ├── crypto@0.0.3
174 silly idealTree ├── css-parse@1.0.4
174 silly idealTree ├── css-stringify@1.0.5
174 silly idealTree ├── css@1.0.8
174 silly idealTree ├── debug@2.2.0
174 silly idealTree ├── decamelize@1.1.2
174 silly idealTree ├── depd@1.0.1
174 silly idealTree ├── destroy@1.0.4
174 silly idealTree ├── ee-first@1.1.1
174 silly idealTree ├── es6-promise@3.0.2
174 silly idealTree ├── escape-html@1.0.3
174 silly idealTree ├── escape-string-regexp@1.0.5
174 silly idealTree ├── etag@1.7.0
174 silly idealTree ├─┬ express@4.13.4
174 silly idealTree │ ├── cookie@0.1.5
174 silly idealTree │ └── depd@1.1.0
174 silly idealTree ├── finalhandler@0.4.1
174 silly idealTree ├── forwarded@0.1.0
174 silly idealTree ├── fresh@0.3.0
174 silly idealTree ├── fs@0.0.2
174 silly idealTree ├── graceful-readlink@1.0.1
174 silly idealTree ├── hooks-fixed@1.1.0
174 silly idealTree ├── http-errors@1.3.1
174 silly idealTree ├── iconv-lite@0.4.11
174 silly idealTree ├── inherits@2.0.1
174 silly idealTree ├── ipaddr.js@1.0.5
174 silly idealTree ├── is-buffer@1.1.2
174 silly idealTree ├── is-promise@2.1.0
174 silly idealTree ├── isarray@0.0.1
174 silly idealTree ├── jade@1.11.0
174 silly idealTree ├── jstransformer@0.0.2
174 silly idealTree ├── jwt-simple@0.4.1
174 silly idealTree ├── kareem@1.0.1
174 silly idealTree ├── kind-of@3.0.2
174 silly idealTree ├── lazy-cache@1.0.3
174 silly idealTree ├── longest@1.0.1
174 silly idealTree ├── media-typer@0.3.0
174 silly idealTree ├── merge-descriptors@1.0.1
174 silly idealTree ├── methods@1.1.2
174 silly idealTree ├── mime-db@1.22.0
174 silly idealTree ├── mime-types@2.1.10
174 silly idealTree ├── mime@1.3.4
174 silly idealTree ├── minimist@0.0.8
174 silly idealTree ├── mkdirp@0.5.1
174 silly idealTree ├── mongodb-core@1.3.1
174 silly idealTree ├── mongodb@2.1.6
174 silly idealTree ├─┬ mongoose@4.4.5
174 silly idealTree │ └── async@1.5.2
174 silly idealTree ├── morgan@1.6.1
174 silly idealTree ├── mpath@0.2.1
174 silly idealTree ├── mpromise@0.5.5
174 silly idealTree ├─┬ mquery@1.7.0
174 silly idealTree │ └── sliced@0.0.5
174 silly idealTree ├── ms@0.7.1
174 silly idealTree ├── muri@1.1.0
174 silly idealTree ├── nan@2.2.0
174 silly idealTree ├── negotiator@0.5.3
174 silly idealTree ├── on-finished@2.3.0
174 silly idealTree ├── on-headers@1.0.1
174 silly idealTree ├── optimist@0.3.7
174 silly idealTree ├── parseurl@1.3.1
174 silly idealTree ├── path-to-regexp@0.1.7
174 silly idealTree ├── promise@6.1.0
174 silly idealTree ├── proxy-addr@1.0.10
174 silly idealTree ├── qs@4.0.0
174 silly idealTree ├── range-parser@1.0.3
174 silly idealTree ├─┬ raw-body@2.1.5
174 silly idealTree │ ├── bytes@2.2.0
174 silly idealTree │ └── iconv-lite@0.4.13
174 silly idealTree ├── readable-stream@1.0.31
174 silly idealTree ├── regexp-clone@0.0.1
174 silly idealTree ├── repeat-string@1.5.2
174 silly idealTree ├── require_optional@1.0.0
174 silly idealTree ├── resolve-from@2.0.0
174 silly idealTree ├── right-align@0.1.3
174 silly idealTree ├── semver@5.1.0
174 silly idealTree ├─┬ send@0.13.1
174 silly idealTree │ └── depd@1.1.0
174 silly idealTree ├── serve-favicon@2.3.0
174 silly idealTree ├── serve-static@1.10.2
174 silly idealTree ├── sliced@1.0.1
174 silly idealTree ├── source-map@0.4.4
174 silly idealTree ├── statuses@1.2.1
174 silly idealTree ├── string_decoder@0.10.31
174 silly idealTree ├─┬ transformers@2.1.0
174 silly idealTree │ ├── is-promise@1.0.1
174 silly idealTree │ ├── promise@2.0.0
174 silly idealTree │ ├── source-map@0.1.43
174 silly idealTree │ └── uglify-js@2.2.5
174 silly idealTree ├── type-is@1.6.11
174 silly idealTree ├─┬ uglify-js@2.6.2
174 silly idealTree │ └── source-map@0.5.3
174 silly idealTree ├── uglify-to-browserify@1.0.2
174 silly idealTree ├── unpipe@1.0.0
174 silly idealTree ├── ursa@0.9.3
174 silly idealTree ├── utils-merge@1.0.0
174 silly idealTree ├── vary@1.0.1
174 silly idealTree ├── void-elements@2.0.1
174 silly idealTree ├── window-size@0.1.0
174 silly idealTree ├─┬ with@4.0.3
174 silly idealTree │ └── acorn@1.2.2
174 silly idealTree ├── wordwrap@0.0.3
174 silly idealTree └── yargs@3.10.0
175 silly generateActionsToTake Starting
176 silly install generateActionsToTake
177 silly generateActionsToTake Finishing
178 silly diffTrees action count 3
179 silly diffTrees add bindings@1.2.1
180 silly diffTrees add nan@2.2.0
181 silly diffTrees add ursa@0.9.3
182 silly decomposeActions action count 24
183 silly decomposeActions fetch bindings@1.2.1
184 silly decomposeActions extract bindings@1.2.1
185 silly decomposeActions test bindings@1.2.1
186 silly decomposeActions preinstall bindings@1.2.1
187 silly decomposeActions build bindings@1.2.1
188 silly decomposeActions install bindings@1.2.1
189 silly decomposeActions postinstall bindings@1.2.1
190 silly decomposeActions finalize bindings@1.2.1
191 silly decomposeActions fetch nan@2.2.0
192 silly decomposeActions extract nan@2.2.0
193 silly decomposeActions test nan@2.2.0
194 silly decomposeActions preinstall nan@2.2.0
195 silly decomposeActions build nan@2.2.0
196 silly decomposeActions install nan@2.2.0
197 silly decomposeActions postinstall nan@2.2.0
198 silly decomposeActions finalize nan@2.2.0
199 silly decomposeActions fetch ursa@0.9.3
200 silly decomposeActions extract ursa@0.9.3
201 silly decomposeActions test ursa@0.9.3
202 silly decomposeActions preinstall ursa@0.9.3
203 silly decomposeActions build ursa@0.9.3
204 silly decomposeActions install ursa@0.9.3
205 silly decomposeActions postinstall ursa@0.9.3
206 silly decomposeActions finalize ursa@0.9.3
207 silly executeActions Starting
208 silly install executeActions
209 silly doSerial global-install 0
210 silly doParallel fetch 3
211 verbose correctMkdir /home/ivannodejs/.npm/_locks correctMkdir not in flight; initializing
212 verbose lock using /home/ivannodejs/.npm/_locks/staging-daae5671a1a51b6c.lock for /home/ivannodejs/WebstormProjects/untitled/node_modules/.staging
213 silly doParallel extract 3
214 silly extract bindings@1.2.1
215 silly extract nan@2.2.0
216 silly extract ursa@0.9.3
217 verbose unbuild node_modules/.staging/bindings-3211bedd
218 verbose unbuild node_modules/.staging/nan-5cc9571d
219 verbose unbuild node_modules/.staging/ursa-f6cb8798
220 silly gentlyRm /home/ivannodejs/WebstormProjects/untitled/node_modules/.staging/bindings-3211bedd is being purged from base /home/ivannodejs/WebstormProjects/untitled
221 verbose gentlyRm don't care about contents; nuking /home/ivannodejs/WebstormProjects/untitled/node_modules/.staging/bindings-3211bedd
222 silly gentlyRm /home/ivannodejs/WebstormProjects/untitled/node_modules/.staging/nan-5cc9571d is being purged from base /home/ivannodejs/WebstormProjects/untitled
223 verbose gentlyRm don't care about contents; nuking /home/ivannodejs/WebstormProjects/untitled/node_modules/.staging/nan-5cc9571d
224 silly gentlyRm /home/ivannodejs/WebstormProjects/untitled/node_modules/.staging/ursa-f6cb8798 is being purged from base /home/ivannodejs/WebstormProjects/untitled
225 verbose gentlyRm don't care about contents; nuking /home/ivannodejs/WebstormProjects/untitled/node_modules/.staging/ursa-f6cb8798
226 verbose tar unpack /home/ivannodejs/.npm/bindings/1.2.1/package.tgz
227 verbose tar unpacking to /home/ivannodejs/WebstormProjects/untitled/node_modules/.staging/bindings-3211bedd
228 silly gentlyRm /home/ivannodejs/WebstormProjects/untitled/node_modules/.staging/bindings-3211bedd is being purged
229 verbose gentlyRm don't care about contents; nuking /home/ivannodejs/WebstormProjects/untitled/node_modules/.staging/bindings-3211bedd
230 verbose tar unpack /home/ivannodejs/.npm/nan/2.2.0/package.tgz
231 verbose tar unpacking to /home/ivannodejs/WebstormProjects/untitled/node_modules/.staging/nan-5cc9571d
232 silly gentlyRm /home/ivannodejs/WebstormProjects/untitled/node_modules/.staging/nan-5cc9571d is being purged
233 verbose gentlyRm don't care about contents; nuking /home/ivannodejs/WebstormProjects/untitled/node_modules/.staging/nan-5cc9571d
234 verbose tar unpack /home/ivannodejs/.npm/ursa/0.9.3/package.tgz
235 verbose tar unpacking to /home/ivannodejs/WebstormProjects/untitled/node_modules/.staging/ursa-f6cb8798
236 silly gentlyRm /home/ivannodejs/WebstormProjects/untitled/node_modules/.staging/ursa-f6cb8798 is being purged
237 verbose gentlyRm don't care about contents; nuking /home/ivannodejs/WebstormProjects/untitled/node_modules/.staging/ursa-f6cb8798
238 silly gunzTarPerm modes [ '775', '664' ]
239 silly gunzTarPerm modes [ '775', '664' ]
240 silly gunzTarPerm modes [ '775', '664' ]
241 silly gunzTarPerm extractEntry package.json
242 silly gunzTarPerm modified mode [ 'package.json', 420, 436 ]
243 silly gunzTarPerm extractEntry package.json
244 silly gunzTarPerm extractEntry package.json
245 silly gunzTarPerm modified mode [ 'package.json', 420, 436 ]
246 silly gunzTarPerm extractEntry README.md
247 silly gunzTarPerm modified mode [ 'README.md', 420, 436 ]
248 silly gunzTarPerm extractEntry bindings.js
249 silly gunzTarPerm modified mode [ 'bindings.js', 420, 436 ]
250 silly gunzTarPerm extractEntry README.md
251 silly gunzTarPerm extractEntry include_dirs.js
252 silly gunzTarPerm extractEntry .npmignore
253 silly gunzTarPerm modified mode [ '.npmignore', 420, 436 ]
254 silly gunzTarPerm extractEntry README.md
255 silly gunzTarPerm modified mode [ 'README.md', 420, 436 ]
256 silly gunzTarPerm extractEntry nan_converters.h
257 silly gunzTarPerm extractEntry LICENSE.md
258 silly gunzTarPerm extractEntry .dntrc
259 silly gunzTarPerm extractEntry binding.gyp
260 silly gunzTarPerm modified mode [ 'binding.gyp', 420, 436 ]
261 silly gunzTarPerm extractEntry appveyor.yml
262 silly gunzTarPerm extractEntry .travis.yml
263 silly gunzTarPerm modified mode [ '.travis.yml', 420, 436 ]
264 silly gunzTarPerm extractEntry lib/ursa.js
265 silly gunzTarPerm modified mode [ 'lib/ursa.js', 420, 436 ]
266 silly gunzTarPerm extractEntry src/ursaNative.cc
267 silly gunzTarPerm modified mode [ 'src/ursaNative.cc', 420, 436 ]
268 silly gunzTarPerm extractEntry src/ursaNative.h
269 silly gunzTarPerm modified mode [ 'src/ursaNative.h', 420, 436 ]
270 silly gunzTarPerm extractEntry doc/new.md
271 silly gunzTarPerm extractEntry doc/.build.sh
272 silly gunzTarPerm extractEntry doc/buffers.md
273 silly gunzTarPerm extractEntry doc/callback.md
274 silly gunzTarPerm extractEntry LICENSE.txt
275 silly gunzTarPerm modified mode [ 'LICENSE.txt', 420, 436 ]
276 silly gunzTarPerm extractEntry test/fixture.js
277 silly gunzTarPerm modified mode [ 'test/fixture.js', 420, 436 ]
278 silly gunzTarPerm extractEntry doc/converters.md
279 silly gunzTarPerm extractEntry doc/errors.md
280 silly gunzTarPerm extractEntry test/native.js
281 silly gunzTarPerm modified mode [ 'test/native.js', 420, 436 ]
282 silly gunzTarPerm extractEntry test/test.js
283 silly gunzTarPerm modified mode [ 'test/test.js', 420, 436 ]
284 silly gentlyRm /home/ivannodejs/WebstormProjects/untitled/node_modules/.staging/bindings-3211bedd/node_modules is being purged
285 verbose gentlyRm don't care about contents; nuking /home/ivannodejs/WebstormProjects/untitled/node_modules/.staging/bindings-3211bedd/node_modules
286 silly gunzTarPerm extractEntry test/blort.pub
287 silly gunzTarPerm modified mode [ 'test/blort.pub', 420, 436 ]
288 silly gunzTarPerm extractEntry test/blort.sshpub
289 silly gunzTarPerm modified mode [ 'test/blort.sshpub', 420, 436 ]
290 silly gunzTarPerm extractEntry test/blort-pass.pem
291 silly gunzTarPerm modified mode [ 'test/blort-pass.pem', 420, 436 ]
292 silly gunzTarPerm extractEntry doc/maybe_types.md
293 silly gunzTarPerm extractEntry doc/methods.md
294 silly gunzTarPerm extractEntry test/another_zorch.pem
295 silly gunzTarPerm modified mode [ 'test/another_zorch.pem', 420, 436 ]
296 silly gunzTarPerm extractEntry doc/asyncworker.md
297 silly gunzTarPerm extractEntry doc/node_misc.md
298 silly gunzTarPerm extractEntry test/pss_tv.pub
299 silly gunzTarPerm modified mode [ 'test/pss_tv.pub', 420, 436 ]
300 silly gunzTarPerm extractEntry test/blort.pem
301 silly gunzTarPerm modified mode [ 'test/blort.pem', 420, 436 ]
302 silly gunzTarPerm extractEntry test/zorch.pem
303 silly gunzTarPerm modified mode [ 'test/zorch.pem', 420, 436 ]
304 silly gunzTarPerm extractEntry test/zorch.pub
305 silly gunzTarPerm modified mode [ 'test/zorch.pub', 420, 436 ]
306 silly gunzTarPerm extractEntry doc/object_wrappers.md
307 silly gunzTarPerm extractEntry doc/persistent.md
308 silly gunzTarPerm extractEntry doc/scopes.md
309 silly gunzTarPerm extractEntry doc/script.md
310 silly gunzTarPerm extractEntry doc/string_bytes.md
311 silly gunzTarPerm extractEntry doc/v8_internals.md
312 silly gunzTarPerm extractEntry doc/v8_misc.md
313 silly gunzTarPerm extractEntry nan.h
314 silly gunzTarPerm extractEntry nan_callbacks.h
315 silly gunzTarPerm extractEntry nan_callbacks_12_inl.h
316 silly gunzTarPerm extractEntry nan_callbacks_pre_12_inl.h
317 silly gunzTarPerm extractEntry nan_converters_43_inl.h
318 silly gunzTarPerm extractEntry nan_converters_pre_43_inl.h
319 silly gunzTarPerm extractEntry nan_implementation_12_inl.h
320 silly gunzTarPerm extractEntry nan_implementation_pre_12_inl.h
321 silly gunzTarPerm extractEntry nan_maybe_43_inl.h
322 silly gunzTarPerm extractEntry nan_maybe_pre_43_inl.h
323 silly gunzTarPerm extractEntry nan_new.h
324 silly gunzTarPerm extractEntry nan_object_wrap.h
325 silly gunzTarPerm extractEntry nan_persistent_12_inl.h
326 silly gunzTarPerm extractEntry nan_persistent_pre_12_inl.h
327 silly gunzTarPerm extractEntry nan_string_bytes.h
328 silly gunzTarPerm extractEntry nan_typedarray_contents.h
329 silly gunzTarPerm extractEntry nan_weak.h
330 silly gunzTarPerm extractEntry CHANGELOG.md
331 silly gunzTarPerm extractEntry tools/package.json
332 silly gunzTarPerm extractEntry tools/README.md
333 silly gunzTarPerm extractEntry tools/1to2.js
334 silly gentlyRm /home/ivannodejs/WebstormProjects/untitled/node_modules/.staging/ursa-f6cb8798/node_modules is being purged
335 verbose gentlyRm don't care about contents; nuking /home/ivannodejs/WebstormProjects/untitled/node_modules/.staging/ursa-f6cb8798/node_modules
336 silly gentlyRm /home/ivannodejs/WebstormProjects/untitled/node_modules/.staging/nan-5cc9571d/node_modules is being purged
337 verbose gentlyRm don't care about contents; nuking /home/ivannodejs/WebstormProjects/untitled/node_modules/.staging/nan-5cc9571d/node_modules
338 silly doParallel preinstall 3
339 silly preinstall bindings@1.2.1 /home/ivannodejs/WebstormProjects/untitled/node_modules/.staging/bindings-3211bedd
340 info lifecycle bindings@1.2.1~preinstall: bindings@1.2.1
341 silly preinstall nan@2.2.0 /home/ivannodejs/WebstormProjects/untitled/node_modules/.staging/nan-5cc9571d
342 info lifecycle nan@2.2.0~preinstall: nan@2.2.0
343 silly preinstall ursa@0.9.3 /home/ivannodejs/WebstormProjects/untitled/node_modules/.staging/ursa-f6cb8798
344 info lifecycle ursa@0.9.3~preinstall: ursa@0.9.3
345 silly lifecycle bindings@1.2.1~preinstall: no script for preinstall, continuing
346 silly lifecycle nan@2.2.0~preinstall: no script for preinstall, continuing
347 silly lifecycle ursa@0.9.3~preinstall: no script for preinstall, continuing
348 silly doReverseSerial remove 0
349 silly doSerial move 0
350 silly doSerial finalize 3
351 silly finalize /home/ivannodejs/WebstormProjects/untitled/node_modules/bindings
352 silly finalize /home/ivannodejs/WebstormProjects/untitled/node_modules/nan
353 silly finalize /home/ivannodejs/WebstormProjects/untitled/node_modules/ursa
354 silly doSerial build 3
355 silly build bindings@1.2.1
356 info linkStuff bindings@1.2.1
357 silly linkStuff bindings@1.2.1 has /home/ivannodejs/WebstormProjects/untitled/node_modules as its parent node_modules
358 verbose linkBins bindings@1.2.1
359 verbose linkMans bindings@1.2.1
360 silly build nan@2.2.0
361 info linkStuff nan@2.2.0
362 silly linkStuff nan@2.2.0 has /home/ivannodejs/WebstormProjects/untitled/node_modules as its parent node_modules
363 verbose linkBins nan@2.2.0
364 verbose linkMans nan@2.2.0
365 silly build ursa@0.9.3
366 info linkStuff ursa@0.9.3
367 silly linkStuff ursa@0.9.3 has /home/ivannodejs/WebstormProjects/untitled/node_modules as its parent node_modules
368 verbose linkBins ursa@0.9.3
369 verbose linkMans ursa@0.9.3
370 silly doSerial global-link 0
371 silly doParallel update-linked 0
372 silly doSerial install 3
373 silly install bindings@1.2.1 /home/ivannodejs/WebstormProjects/untitled/node_modules/.staging/bindings-3211bedd
374 info lifecycle bindings@1.2.1~install: bindings@1.2.1
375 silly lifecycle bindings@1.2.1~install: no script for install, continuing
376 silly install nan@2.2.0 /home/ivannodejs/WebstormProjects/untitled/node_modules/.staging/nan-5cc9571d
377 info lifecycle nan@2.2.0~install: nan@2.2.0
378 silly lifecycle nan@2.2.0~install: no script for install, continuing
379 silly install ursa@0.9.3 /home/ivannodejs/WebstormProjects/untitled/node_modules/.staging/ursa-f6cb8798
380 info lifecycle ursa@0.9.3~install: ursa@0.9.3
381 verbose lifecycle ursa@0.9.3~install: unsafe-perm in lifecycle true
382 verbose lifecycle ursa@0.9.3~install: PATH: /usr/lib/node_modules/npm/bin/node-gyp-bin:/home/ivannodejs/WebstormProjects/untitled/node_modules/ursa/node_modules/.bin:/home/ivannodejs/WebstormProjects/untitled/node_modules/.bin:/usr/local/sbin:/usr/local/bin:/usr/sbin:/usr/bin:/sbin:/bin:/usr/games:/usr/local/games
383 verbose lifecycle ursa@0.9.3~install: CWD: /home/ivannodejs/WebstormProjects/untitled/node_modules/ursa
384 silly lifecycle ursa@0.9.3~install: Args: [ '-c', 'node-gyp rebuild' ]
385 silly lifecycle ursa@0.9.3~install: Returned: code: 1  signal: null
386 info lifecycle ursa@0.9.3~install: Failed to exec install script
387 verbose unlock done using /home/ivannodejs/.npm/_locks/staging-daae5671a1a51b6c.lock for /home/ivannodejs/WebstormProjects/untitled/node_modules/.staging
388 silly rollbackFailedOptional Starting
389 silly rollbackFailedOptional Finishing
390 silly runTopLevelLifecycles Starting
391 silly runTopLevelLifecycles Finishing
392 silly install printInstalled
393 verbose stack Error: ursa@0.9.3 install: `node-gyp rebuild`
393 verbose stack Exit status 1
393 verbose stack     at EventEmitter.<anonymous> (/usr/lib/node_modules/npm/lib/utils/lifecycle.js:232:16)
393 verbose stack     at emitTwo (events.js:100:13)
393 verbose stack     at EventEmitter.emit (events.js:185:7)
393 verbose stack     at ChildProcess.<anonymous> (/usr/lib/node_modules/npm/lib/utils/spawn.js:24:14)
393 verbose stack     at emitTwo (events.js:100:13)
393 verbose stack     at ChildProcess.emit (events.js:185:7)
393 verbose stack     at maybeClose (internal/child_process.js:827:16)
393 verbose stack     at Process.ChildProcess._handle.onexit (internal/child_process.js:211:5)
394 verbose pkgid ursa@0.9.3
395 verbose cwd /home/ivannodejs/WebstormProjects/untitled
396 error Linux 3.16.0-62-generic
397 error argv "/usr/bin/nodejs" "/usr/bin/npm" "install" "ursa"
398 error node v5.7.0
399 error npm  v3.6.0
400 error code ELIFECYCLE
401 error ursa@0.9.3 install: `node-gyp rebuild`
401 error Exit status 1
402 error Failed at the ursa@0.9.3 install script 'node-gyp rebuild'.
402 error Make sure you have the latest version of node.js and npm installed.
402 error If you do, this is most likely a problem with the ursa package,
402 error not with npm itself.
402 error Tell the author that this fails on your system:
402 error     node-gyp rebuild
402 error You can get information on how to open an issue for this project with:
402 error     npm bugs ursa
402 error Or if that isn't available, you can get their info via:
402 error     npm owner ls ursa
402 error There is likely additional logging output above.
403 verbose exit [ 1, true ]
